(0000) 4000  0100000000000000 (   1)                 .ORIG x4000
(4000) E013  1110000000010011 (   2)                 LEA   R0 GET_MSG
(4001) 2410  0010010000010000 (   3)                 LD    R2 ASCII_FIX
(4002) F022  1111000000100010 (   5)                 TRAP  x22
(4003) F020  1111000000100000 (   6)                 TRAP  x20
(4004) 1002  0001000000000010 (   7)                 ADD   R0 R0 R2
(4005) 0C05  0000110000000101 (   8)                 BRNZ  FACT_DISP
(4006) 1220  0001001000100000 (   9)                 ADD   R1 R0 #0
(4007) 127F  0001001001111111 (  12) FACTORIAL       ADD   R1 R1 #-1
(4008) 0402  0000010000000010 (  15)                 BRZ   FACT_DISP
(4009) 4839  0100100000111001 (  16)                 JSR   MUL
(400A) 0FFC  0000111111111100 (  17)                 BRNZP FACTORIAL
(400B) 1B7F  0001101101111111 (  19) FACT_DISP       ADD   R5 R5 #-1
(400C) 0602  0000011000000010 (  20)                 BRZP  BAD_VAL
(400D) 3005  0011000000000101 (  21)                 ST    R0 RESULT
(400E) F025  1111000000100101 (  22)                 TRAP  x25
(400F) E021  1110000000100001 (  23) BAD_VAL         LEA   R0 BAD_MSG
(4010) F022  1111000000100010 (  24)                 TRAP  x22
(4011) F025  1111000000100101 (  25)                 TRAP  x25
(4012) FFD0  1111111111010000 (  27) ASCII_FIX       .FILL xFFD0
(4013) 0000  0000000000000000 (  29) RESULT          .FILL x0000
(4014) 0045  0000000001000101 (  29) GET_MSG         .FILL x0045
(4015) 006E  0000000001101110 (  29)                 .FILL x006E
(4016) 0074  0000000001110100 (  29)                 .FILL x0074
(4017) 0065  0000000001100101 (  29)                 .FILL x0065
(4018) 0072  0000000001110010 (  29)                 .FILL x0072
(4019) 0020  0000000000100000 (  29)                 .FILL x0020
(401A) 0061  0000000001100001 (  29)                 .FILL x0061
(401B) 006E  0000000001101110 (  29)                 .FILL x006E
(401C) 0020  0000000000100000 (  29)                 .FILL x0020
(401D) 0069  0000000001101001 (  29)                 .FILL x0069
(401E) 006E  0000000001101110 (  29)                 .FILL x006E
(401F) 0074  0000000001110100 (  29)                 .FILL x0074
(4020) 0065  0000000001100101 (  29)                 .FILL x0065
(4021) 0067  0000000001100111 (  29)                 .FILL x0067
(4022) 0065  0000000001100101 (  29)                 .FILL x0065
(4023) 0072  0000000001110010 (  29)                 .FILL x0072
(4024) 0020  0000000000100000 (  29)                 .FILL x0020
(4025) 0066  0000000001100110 (  29)                 .FILL x0066
(4026) 0072  0000000001110010 (  29)                 .FILL x0072
(4027) 006F  0000000001101111 (  29)                 .FILL x006F
(4028) 006D  0000000001101101 (  29)                 .FILL x006D
(4029) 0020  0000000000100000 (  29)                 .FILL x0020
(402A) 0031  0000000000110001 (  29)                 .FILL x0031
(402B) 002D  0000000000101101 (  29)                 .FILL x002D
(402C) 0038  0000000000111000 (  29)                 .FILL x0038
(402D) 003A  0000000000111010 (  29)                 .FILL x003A
(402E) 003E  0000000000111110 (  29)                 .FILL x003E
(402F) 0020  0000000000100000 (  29)                 .FILL x0020
(4030) 0000  0000000000000000 (  29)                 .FILL x0000
(4031) 0042  0000000001000010 (  30) BAD_MSG         .FILL x0042
(4032) 0041  0000000001000001 (  30)                 .FILL x0041
(4033) 0044  0000000001000100 (  30)                 .FILL x0044
(4034) 0020  0000000000100000 (  30)                 .FILL x0020
(4035) 0056  0000000001010110 (  30)                 .FILL x0056
(4036) 0041  0000000001000001 (  30)                 .FILL x0041
(4037) 004C  0000000001001100 (  30)                 .FILL x004C
(4038) 0055  0000000001010101 (  30)                 .FILL x0055
(4039) 0045  0000000001000101 (  30)                 .FILL x0045
(403A) 0020  0000000000100000 (  30)                 .FILL x0020
(403B) 0045  0000000001000101 (  30)                 .FILL x0045
(403C) 004E  0000000001001110 (  30)                 .FILL x004E
(403D) 0054  0000000001010100 (  30)                 .FILL x0054
(403E) 0045  0000000001000101 (  30)                 .FILL x0045
(403F) 0052  0000000001010010 (  30)                 .FILL x0052
(4040) 0045  0000000001000101 (  30)                 .FILL x0045
(4041) 0044  0000000001000100 (  30)                 .FILL x0044
(4042) 0000  0000000000000000 (  30)                 .FILL x0000
(4043) 3223  0011001000100011 (  32) MUL             ST    R1 MUL_OSR1
(4044) 3423  0011010000100011 (  33)                 ST    R2 MUL_OSR2
(4045) 3623  0011011000100011 (  34)                 ST    R3 MUL_OSR3
(4046) 54A0  0101010010100000 (  36)                 AND   R2 R2 #0
(4047) 56E0  0101011011100000 (  37)                 AND   R3 R3 #0
(4048) 5B60  0101101101100000 (  38)                 AND   R5 R5 #0
(4049) 1020  0001000000100000 (  40)                 ADD   R0 R0 #0
(404A) 0805  0000100000000101 (  41)                 BRN   MUL1_NEG
(404B) 0416  0000010000010110 (  42)                 BRZ   MUL_DONE
(404C) 1260  0001001001100000 (  43) MUL_VAR2        ADD   R1 R1 #0
(404D) 0806  0000100000000110 (  44)                 BRN   MUL2_NEG
(404E) 0413  0000010000010011 (  45)                 BRZ   MUL_DONE
(404F) 0E07  0000111000000111 (  46)                 BRNZP MUL_LOOP
(4050) 903F  1001000000111111 (  48) MUL1_NEG        NOT   R0 R0
(4051) 1021  0001000000100001 (  49)                 ADD   R0 R0 #1
(4052) 16E1  0001011011100001 (  50)                 ADD   R3 R3 #1
(4053) 0FF8  0000111111111000 (  51)                 BRNZP MUL_VAR2
(4054) 927F  1001001001111111 (  53) MUL2_NEG        NOT   R1 R1
(4055) 1261  0001001001100001 (  54)                 ADD   R1 R1 #1
(4056) 16E1  0001011011100001 (  55)                 ADD   R3 R3 #1
(4057) 127F  0001001001111111 (  57) MUL_LOOP        ADD   R1 R1 #-1
(4058) 0809  0000100000001001 (  58)                 BRN   MUL_DONE
(4059) 1480  0001010010000000 (  59)                 ADD   R2 R2 R0
(405A) 0C01  0000110000000001 (  60)                 BRNZ  OVERFLOW
(405B) 0FFB  0000111111111011 (  61)                 BRNZP MUL_LOOP
(405C) 1B61  0001101101100001 (  63) OVERFLOW        ADD   R5 R5 #1
(405D) 0E04  0000111000000100 (  64)                 BRNZP MUL_DONE
(405E) 16FF  0001011011111111 (  66) SIGN_FIX        ADD   R3 R3 #-1
(405F) 0A02  0000101000000010 (  67)                 BRNP  MUL_DONE
(4060) 94BF  1001010010111111 (  69)                 NOT   R2 R2
(4061) 14A1  0001010010100001 (  70)                 ADD   R2 R2 #1
(4062) 10A0  0001000010100000 (  72) MUL_DONE        ADD   R0 R2 #0
(4063) 2203  0010001000000011 (  74)                 LD    R1 MUL_OSR1
(4064) 2403  0010010000000011 (  75)                 LD    R2 MUL_OSR2
(4065) 2603  0010011000000011 (  76)                 LD    R3 MUL_OSR3
(4066) C1C0  1100000111000000 (  77)                 RET   
(4067) 0000  0000000000000000 (  80) MUL_OSR1        .FILL x0000
(4068) 0000  0000000000000000 (  81) MUL_OSR2        .FILL x0000
(4069) 0000  0000000000000000 (  82) MUL_OSR3        .FILL x0000
