(0000) 4000  0100000000000000 (   1)                 .ORIG x4000
(4000) 2021  0010000000100001 (   2)                 LD    R0 VAR_1
(4001) 2221  0010001000100001 (   3)                 LD    R1 VAR_2
(4002) 54A0  0101010010100000 (   4)                 AND   R2 R2 #0
(4003) 56E0  0101011011100000 (   5)                 AND   R3 R3 #0
(4004) 5B60  0101101101100000 (   6)                 AND   R5 R5 #0
(4005) 1020  0001000000100000 (   8)                 ADD   R0 R0 #0
(4006) 0805  0000100000000101 (   9)                 BRN   VAR1_NEG
(4007) 0416  0000010000010110 (  10)                 BRZ   MUL_DONE
(4008) 1260  0001001001100000 (  11) CHK_VAR2        ADD   R1 R1 #0
(4009) 0806  0000100000000110 (  12)                 BRN   VAR2_NEG
(400A) 0413  0000010000010011 (  13)                 BRZ   MUL_DONE
(400B) 0E07  0000111000000111 (  14)                 BRNZP MUL_LOOP
(400C) 903F  1001000000111111 (  16) VAR1_NEG        NOT   R0 R0
(400D) 1021  0001000000100001 (  17)                 ADD   R0 R0 #1
(400E) 16E1  0001011011100001 (  18)                 ADD   R3 R3 #1
(400F) 0FF8  0000111111111000 (  19)                 BRNZP CHK_VAR2
(4010) 927F  1001001001111111 (  21) VAR2_NEG        NOT   R1 R1
(4011) 1261  0001001001100001 (  22)                 ADD   R1 R1 #1
(4012) 16E1  0001011011100001 (  23)                 ADD   R3 R3 #1
(4013) 127F  0001001001111111 (  25) MUL_LOOP        ADD   R1 R1 #-1
(4014) 0809  0000100000001001 (  26)                 BRN   MUL_DONE
(4015) 1480  0001010010000000 (  27)                 ADD   R2 R2 R0
(4016) 0C01  0000110000000001 (  28)                 BRNZ  OVERFLOW
(4017) 0FFB  0000111111111011 (  29)                 BRNZP MUL_LOOP
(4018) 1B61  0001101101100001 (  31) OVERFLOW        ADD   R5 R5 #1
(4019) 0E04  0000111000000100 (  32)                 BRNZP MUL_DONE
(401A) 16FF  0001011011111111 (  34) SIGN_FIX        ADD   R3 R3 #-1
(401B) 0A02  0000101000000010 (  35)                 BRNP  MUL_DONE
(401C) 94BF  1001010010111111 (  37)                 NOT   R2 R2
(401D) 14A1  0001010010100001 (  38)                 ADD   R2 R2 #1
(401E) 10A0  0001000010100000 (  40) MUL_DONE        ADD   R0 R2 #0
(401F) 3004  0011000000000100 (  41)                 ST    R0 RESULT
(4020) 3A04  0011101000000100 (  42)                 ST    R5 OVRFLW
(4021) F025  1111000000100101 (  43)                 TRAP  x25
(4022) 0025  0000000000100101 (  45) VAR_1           .FILL x0025
(4023) 000F  0000000000001111 (  46) VAR_2           .FILL x000F
(4024) 0000  0000000000000000 (  48) RESULT          .FILL x0000
(4025) 0000  0000000000000000 (  49) OVRFLW          .FILL x0000
